{
  "RSpec": {
    "coverage": {
      "/Users/will/Desktop/Everything/wd/exercises/toy-robot/spec/command_spec.rb": [
        1,
        1,
        1,
        1,
        1,
        null,
        null,
        null,
        null,
        null,
        null,
        null,
        null,
        null,
        1,
        1,
        1,
        10,
        null,
        1,
        1,
        1,
        null,
        null,
        null,
        1,
        1,
        1,
        null,
        null,
        null,
        1,
        1,
        2,
        null,
        null,
        null,
        1,
        1,
        2,
        null,
        null,
        null,
        1,
        1,
        2,
        null,
        null,
        null,
        1,
        1,
        2,
        null,
        null,
        null,
        1,
        1,
        2,
        null,
        null,
        null,
        1,
        1,
        2,
        null,
        null,
        null,
        1,
        1,
        2,
        null,
        null,
        null,
        null,
        1,
        1,
        1,
        8,
        null,
        1,
        1,
        1,
        null,
        null,
        1,
        2,
        null,
        null,
        null,
        1,
        1,
        1,
        null,
        null,
        1,
        2,
        null,
        null,
        null,
        1,
        1,
        1,
        null,
        null,
        1,
        2,
        1,
        null,
        null,
        null,
        1,
        1,
        1,
        null,
        null,
        1,
        2,
        null,
        null,
        null,
        1,
        1,
        1,
        null,
        null,
        1,
        2,
        null,
        null,
        null,
        1,
        1,
        1,
        null,
        null,
        1,
        2,
        null,
        null,
        null,
        1,
        1,
        1,
        null,
        null,
        1,
        2,
        null,
        null,
        null,
        null,
        1,
        2,
        1,
        2,
        null,
        null,
        null,
        null
      ],
      "/Users/will/Desktop/Everything/wd/exercises/toy-robot/lib/table.rb": [
        1,
        1,
        null,
        1,
        14,
        null,
        null,
        20,
        null,
        null,
        1,
        11,
        null,
        null,
        1,
        32,
        null,
        null,
        null
      ],
      "/Users/will/Desktop/Everything/wd/exercises/toy-robot/lib/robot.rb": [
        1,
        null,
        1,
        null,
        1,
        2,
        null,
        null,
        null,
        null,
        null,
        2,
        null,
        null,
        null,
        1,
        2,
        null,
        null,
        null,
        null,
        null,
        2,
        null,
        null,
        1,
        22,
        20,
        null,
        2,
        null,
        null,
        null,
        1,
        6,
        null,
        3,
        null,
        1,
        null,
        1,
        null,
        1,
        null,
        null,
        null,
        null
      ],
      "/Users/will/Desktop/Everything/wd/exercises/toy-robot/lib/command.rb": [
        1,
        1,
        1,
        1,
        null,
        1,
        null,
        1,
        17,
        17,
        17,
        null,
        null,
        1,
        0,
        0,
        0,
        0,
        null,
        null,
        null,
        1,
        24,
        null,
        22,
        22,
        22,
        null,
        22,
        null,
        12,
        null,
        2,
        null,
        3,
        null,
        2,
        null,
        2,
        null,
        0,
        null,
        0,
        null,
        1,
        null,
        null,
        null,
        null,
        1,
        12,
        12,
        12,
        12,
        null,
        12,
        9,
        9,
        null,
        3,
        null,
        null,
        null,
        1,
        2,
        1,
        1,
        null,
        1,
        null,
        null,
        null,
        1,
        2,
        1,
        1,
        null,
        1,
        null,
        null,
        null,
        1,
        3,
        2,
        2,
        null,
        1,
        null,
        null,
        null,
        2,
        1,
        null,
        1,
        null,
        null,
        null,
        1,
        2,
        2,
        2,
        2,
        2,
        null,
        0,
        null,
        null,
        null,
        1,
        1,
        null,
        null,
        null,
        null
      ],
      "/Users/will/Desktop/Everything/wd/exercises/toy-robot/lib/messages.rb": [
        1,
        null,
        1,
        1,
        1,
        1,
        1,
        1,
        1,
        1,
        1,
        1,
        1,
        1,
        1,
        1,
        1,
        1,
        1,
        1,
        1,
        null,
        null,
        null,
        1,
        0,
        0,
        0,
        0,
        0,
        0,
        0,
        0,
        0,
        null,
        null,
        1,
        1,
        null,
        null,
        1,
        3,
        null,
        null,
        1,
        3,
        null,
        null,
        1,
        9,
        null,
        null,
        1,
        3,
        null,
        null,
        1,
        2,
        null,
        null,
        1,
        1,
        null,
        null,
        null
      ],
      "/Users/will/Desktop/Everything/wd/exercises/toy-robot/spec/robot_spec.rb": [
        1,
        1,
        null,
        1,
        3,
        null,
        1,
        1,
        1,
        null,
        1,
        1,
        null,
        null,
        null,
        1,
        1,
        1,
        null,
        1,
        1,
        null,
        null,
        null,
        null,
        1,
        6,
        null,
        1,
        1,
        null,
        null,
        1,
        1,
        null,
        null,
        1,
        1,
        null,
        null,
        1,
        1,
        null,
        null,
        1,
        1,
        null,
        null,
        null,
        null,
        1,
        3,
        null,
        1,
        1,
        null,
        null,
        1,
        1,
        1,
        null,
        1,
        1,
        null,
        null,
        null,
        null,
        1,
        5,
        null,
        1,
        1,
        1,
        null,
        1,
        1,
        null,
        null,
        null,
        1,
        1,
        1,
        null,
        1,
        1,
        null,
        null,
        null,
        1,
        1,
        1,
        null,
        1,
        1,
        null,
        null,
        null,
        1,
        1,
        1,
        null,
        1,
        1,
        null,
        null,
        null
      ],
      "/Users/will/Desktop/Everything/wd/exercises/toy-robot/spec/table_spec.rb": [
        1,
        1,
        null,
        null,
        1,
        2,
        null,
        1,
        1,
        1,
        null,
        null,
        null,
        1,
        5,
        null,
        1,
        1,
        1,
        null,
        null,
        1,
        1,
        null,
        null,
        1,
        1,
        null,
        null,
        1,
        1,
        null,
        null,
        null,
        null,
        1,
        3,
        null,
        1,
        1,
        1,
        null,
        null,
        null,
        1,
        1,
        1,
        null,
        1,
        1,
        null,
        null,
        null,
        null,
        1,
        4,
        null,
        1,
        1,
        1,
        null,
        null,
        null,
        1,
        1,
        1,
        null,
        1,
        1,
        null,
        null,
        null,
        1,
        1,
        1,
        null,
        1,
        1,
        null,
        null,
        null
      ]
    },
    "timestamp": 1510459988
  }
}
